<?xml version="1.0" encoding="UTF-8" standalone="no"?><testsuite errors="1" failures="0" name="login Tasy" skipped="0" tests="1" time="12.27" timestamp="2023-04-18 09:12:06"><testcase name="autenticacion en la web Tasy"><error message="Could not instantiate new WebDriver instance of type class org.openqa.selenium.chrome.ChromeDriver (Could not start a new session. Response code 500. Message: session not created: This version of ChromeDriver only supports Chrome version 110&#10;Current browser version is 112.0.5615.87 with binary path C:\Program Files\Google\Chrome\Application\chrome.exe&#10;Build info: version: '4.1.2', revision: '9a5a329c5a'&#10;System info: host: 'PE-HO-606', ip: '192.168.20.35', os.name: 'Windows 11', os.arch: 'amd64', os.version: '10.0', java.version: '1.8.0_362'&#10;Driver info: org.openqa.selenium.chrome.ChromeDriver&#10;Command: [null, newSession {capabilities=[Capabilities {acceptInsecureCerts: false, browserName: chrome, goog:chromeOptions: {args: [--incognito,--enable-automa...], extensions: [], prefs: {safebrowsing.enabled: false}}}], desiredCapabilities=Capabilities {acceptInsecureCerts: false, browserName: chrome, chrome.driver: chromedriver.exe, driver: chrome, goog:chromeOptions: {args: [--incognito,--enable-automa...], extensions: [], prefs: {safebrowsing.enabled: false}}, timeouts.implicitlywait: 3000, wait.for.timeout: 3000}}]). See below for more details." type="net.thucydides.core.webdriver.DriverConfigurationError">Could not instantiate new WebDriver instance of type class org.openqa.selenium.chrome.ChromeDriver (Could not start a new session. Response code 500. Message: session not created: This version of ChromeDriver only supports Chrome version 110
Current browser version is 112.0.5615.87 with binary path C:\Program Files\Google\Chrome\Application\chrome.exe
Build info: version: '4.1.2', revision: '9a5a329c5a'
System info: host: 'PE-HO-606', ip: '192.168.20.35', os.name: 'Windows 11', os.arch: 'amd64', os.version: '10.0', java.version: '1.8.0_362'
Driver info: org.openqa.selenium.chrome.ChromeDriver
Command: [null, newSession {capabilities=[Capabilities {acceptInsecureCerts: false, browserName: chrome, goog:chromeOptions: {args: [--incognito,--enable-automa...], extensions: [], prefs: {safebrowsing.enabled: false}}}], desiredCapabilities=Capabilities {acceptInsecureCerts: false, browserName: chrome, chrome.driver: chromedriver.exe, driver: chrome, goog:chromeOptions: {args: [--incognito,--enable-automa...], extensions: [], prefs: {safebrowsing.enabled: false}}, timeouts.implicitlywait: 3000, wait.for.timeout: 3000}}]). See below for more details.</error><system-err>Could not instantiate new WebDriver instance of type class org.openqa.selenium.chrome.ChromeDriver (Could not start a new session. Response code 500. Message: session not created: This version of ChromeDriver only supports Chrome version 110
Current browser version is 112.0.5615.87 with binary path C:\Program Files\Google\Chrome\Application\chrome.exe
Build info: version: '4.1.2', revision: '9a5a329c5a'
System info: host: 'PE-HO-606', ip: '192.168.20.35', os.name: 'Windows 11', os.arch: 'amd64', os.version: '10.0', java.version: '1.8.0_362'
Driver info: org.openqa.selenium.chrome.ChromeDriver
Command: [null, newSession {capabilities=[Capabilities {acceptInsecureCerts: false, browserName: chrome, goog:chromeOptions: {args: [--incognito,--enable-automa...], extensions: [], prefs: {safebrowsing.enabled: false}}}], desiredCapabilities=Capabilities {acceptInsecureCerts: false, browserName: chrome, chrome.driver: chromedriver.exe, driver: chrome, goog:chromeOptions: {args: [--incognito,--enable-automa...], extensions: [], prefs: {safebrowsing.enabled: false}}, timeouts.implicitlywait: 3000, wait.for.timeout: 3000}}]). See below for more details.&#13;
stepDefinition.Login.que_el_cliente_debe_ingresar_con_credenciales(Login.java:37)&#13;
io.cucumber.java.Invoker.doInvoke(Invoker.java:66)&#13;
io.cucumber.java.Invoker.invoke(Invoker.java:24)&#13;
io.cucumber.java.AbstractGlueDefinition.invokeMethod(AbstractGlueDefinition.java:47)&#13;
io.cucumber.java.JavaStepDefinition.execute(JavaStepDefinition.java:29)&#13;
io.cucumber.core.runner.CoreStepDefinition.execute(CoreStepDefinition.java:66)&#13;
io.cucumber.core.runner.PickleStepDefinitionMatch.runStep(PickleStepDefinitionMatch.java:63)&#13;
io.cucumber.core.runner.TestStep.executeStep(TestStep.java:86)&#13;
io.cucumber.core.runner.TestStep.run(TestStep.java:57)&#13;
io.cucumber.core.runner.PickleStepTestStep.run(PickleStepTestStep.java:51)&#13;
io.cucumber.core.runner.TestCase.run(TestCase.java:95)&#13;
io.cucumber.core.runner.Runner.runPickle(Runner.java:75)&#13;
io.cucumber.core.runtime.CucumberExecutionContext.lambda$runTestCase$3(CucumberExecutionContext.java:151)&#13;
io.cucumber.core.runtime.RethrowingThrowableCollector.executeAndThrow(RethrowingThrowableCollector.java:23)&#13;
io.cucumber.core.runtime.CucumberExecutionContext.runTestCase(CucumberExecutionContext.java:151)&#13;
io.cucumber.junit.FeatureRunner.runChild(FeatureRunner.java:144)&#13;
io.cucumber.junit.FeatureRunner.runChild(FeatureRunner.java:28)&#13;
io.cucumber.junit.FeatureRunner.run(FeatureRunner.java:137)&#13;
io.cucumber.junit.CucumberSerenityRunner.runChild(CucumberSerenityRunner.java:259)&#13;
io.cucumber.junit.CucumberSerenityRunner.runChild(CucumberSerenityRunner.java:58)&#13;
worker.org.gradle.process.internal.worker.GradleWorkerMain.run(GradleWorkerMain.java:69)&#13;
worker.org.gradle.process.internal.worker.GradleWorkerMain.main(GradleWorkerMain.java:74)&#13;
</system-err></testcase></testsuite>