<?xml version="1.0" encoding="UTF-8"?><testsuite errors="0" failures="1" name="PRUEBAS AUTOMATIZADAS TASY" skipped="0" tests="1" time="94.46" timestamp="2023-04-28 05:08:43"><testcase name="Iniciar sesion en Tasy"><failure message="&#10;Expected: an element that is visible&#10;     but: no matching element found by xpath: //span[@class='ng-binding ng-scope' and text()='Hepatitis A']//parent::a" type="java.lang.AssertionError">
Expected: an element that is visible
     but: no matching element found by xpath: //span[@class='ng-binding ng-scope' and text()='Hepatitis A']//parent::a</failure><system-err>
Expected: an element that is visible
     but: no matching element found by xpath: //span[@class='ng-binding ng-scope' and text()='Hepatitis A']//parent::a&#13;
co.com.fsfb.task.VacunasPaciente.performAs(VacunasPaciente.java:28)&#13;
co.com.fsfb.stepDefinition.Login.el_usuario_ingrese_los_datos_daniel_sanchez_y_Test(Login.java:39)&#13;
cucumber.runner.Runner.runPickle(Runner.java:80)&#13;
worker.org.gradle.process.internal.worker.GradleWorkerMain.run(GradleWorkerMain.java:69)&#13;
worker.org.gradle.process.internal.worker.GradleWorkerMain.main(GradleWorkerMain.java:74)&#13;
</system-err></testcase></testsuite>